/Users/balaji.gurusala/Documents/Code/AI_Coding/AI/Projects/Lending_Club_Approval/app/main.py:37: DeprecationWarning: 
        on_event is deprecated, use lifespan event handlers instead.

        Read more about it in the
        [FastAPI docs for Lifespan Events](https://fastapi.tiangolo.com/advanced/events/).
        
  @app.on_event("startup")
/Users/balaji.gurusala/Documents/Code/AI_Coding/AI/Projects/Lending_Club_Approval/.venv/lib/python3.11/site-packages/fastapi/applications.py:4576: DeprecationWarning: 
        on_event is deprecated, use lifespan event handlers instead.

        Read more about it in the
        [FastAPI docs for Lifespan Events](https://fastapi.tiangolo.com/advanced/events/).
        
  return self.router.on_event(event_type)
INFO:     Started server process [63093]
INFO:     Waiting for application startup.
INFO:     Application startup complete.
INFO:     Uvicorn running on http://127.0.0.1:8000 (Press CTRL+C to quit)
/Users/balaji.gurusala/Documents/Code/AI_Coding/AI/Projects/Lending_Club_Approval/app/main.py:122: PydanticDeprecatedSince20: The `dict` method is deprecated; use `model_dump` instead. Deprecated in Pydantic V2.0 to be removed in V3.0. See Pydantic V2 Migration Guide at https://errors.pydantic.dev/2.12/migration/
  request_data = request.dict(by_alias=True, exclude_unset=True)
Sklearn/XGBoost model loaded from models/best_model.pkl
Scaler loaded from data/minmax_scaler.pkl
Feature Store connected at feature_repo
Loaded loans.csv with 38770 records
INFO:     127.0.0.1:64739 - "POST /predict HTTP/1.1" 200 OK
