[2026-02-04T00:05:26.889+0000] {processor.py:186} INFO - Started process (PID=171) to work on /opt/airflow/dags/imdb_pipeline.py
[2026-02-04T00:05:26.889+0000] {processor.py:914} INFO - Processing file /opt/airflow/dags/imdb_pipeline.py for tasks to queue
[2026-02-04T00:05:26.891+0000] {logging_mixin.py:190} INFO - [2026-02-04T00:05:26.891+0000] {dagbag.py:587} INFO - Filling up the DagBag from /opt/airflow/dags/imdb_pipeline.py
[2026-02-04T00:05:28.661+0000] {logging_mixin.py:190} INFO - [2026-02-04T00:05:28.660+0000] {dagbag.py:386} ERROR - Failed to import: /opt/airflow/dags/imdb_pipeline.py
Traceback (most recent call last):
  File "/home/airflow/.local/lib/python3.11/site-packages/airflow/models/dagbag.py", line 382, in parse
    loader.exec_module(new_module)
  File "<frozen importlib._bootstrap_external>", line 940, in exec_module
  File "<frozen importlib._bootstrap>", line 241, in _call_with_frames_removed
  File "/opt/airflow/dags/imdb_pipeline.py", line 11, in <module>
    from preprocessing import preprocess_data
  File "/opt/airflow/src/preprocessing.py", line 7, in <module>
    from src.data_loader import load_data
ModuleNotFoundError: No module named 'src'
[2026-02-04T00:05:28.661+0000] {processor.py:927} WARNING - No viable dags retrieved from /opt/airflow/dags/imdb_pipeline.py
[2026-02-04T00:05:28.669+0000] {processor.py:208} INFO - Processing /opt/airflow/dags/imdb_pipeline.py took 1.784 seconds
[2026-02-04T00:05:58.988+0000] {processor.py:186} INFO - Started process (PID=191) to work on /opt/airflow/dags/imdb_pipeline.py
[2026-02-04T00:05:58.989+0000] {processor.py:914} INFO - Processing file /opt/airflow/dags/imdb_pipeline.py for tasks to queue
[2026-02-04T00:05:58.992+0000] {logging_mixin.py:190} INFO - [2026-02-04T00:05:58.992+0000] {dagbag.py:587} INFO - Filling up the DagBag from /opt/airflow/dags/imdb_pipeline.py
[2026-02-04T00:05:59.716+0000] {logging_mixin.py:190} INFO - [2026-02-04T00:05:59.715+0000] {dagbag.py:386} ERROR - Failed to import: /opt/airflow/dags/imdb_pipeline.py
Traceback (most recent call last):
  File "/home/airflow/.local/lib/python3.11/site-packages/airflow/models/dagbag.py", line 382, in parse
    loader.exec_module(new_module)
  File "<frozen importlib._bootstrap_external>", line 940, in exec_module
  File "<frozen importlib._bootstrap>", line 241, in _call_with_frames_removed
  File "/opt/airflow/dags/imdb_pipeline.py", line 11, in <module>
    from preprocessing import preprocess_data
  File "/opt/airflow/src/preprocessing.py", line 7, in <module>
    from src.data_loader import load_data
ModuleNotFoundError: No module named 'src'
[2026-02-04T00:05:59.716+0000] {processor.py:927} WARNING - No viable dags retrieved from /opt/airflow/dags/imdb_pipeline.py
[2026-02-04T00:05:59.723+0000] {processor.py:208} INFO - Processing /opt/airflow/dags/imdb_pipeline.py took 0.742 seconds
[2026-02-04T00:06:30.060+0000] {processor.py:186} INFO - Started process (PID=211) to work on /opt/airflow/dags/imdb_pipeline.py
[2026-02-04T00:06:30.061+0000] {processor.py:914} INFO - Processing file /opt/airflow/dags/imdb_pipeline.py for tasks to queue
[2026-02-04T00:06:30.065+0000] {logging_mixin.py:190} INFO - [2026-02-04T00:06:30.064+0000] {dagbag.py:587} INFO - Filling up the DagBag from /opt/airflow/dags/imdb_pipeline.py
[2026-02-04T00:06:30.831+0000] {logging_mixin.py:190} INFO - [2026-02-04T00:06:30.830+0000] {dagbag.py:386} ERROR - Failed to import: /opt/airflow/dags/imdb_pipeline.py
Traceback (most recent call last):
  File "/home/airflow/.local/lib/python3.11/site-packages/airflow/models/dagbag.py", line 382, in parse
    loader.exec_module(new_module)
  File "<frozen importlib._bootstrap_external>", line 940, in exec_module
  File "<frozen importlib._bootstrap>", line 241, in _call_with_frames_removed
  File "/opt/airflow/dags/imdb_pipeline.py", line 11, in <module>
    from preprocessing import preprocess_data
  File "/opt/airflow/src/preprocessing.py", line 7, in <module>
    from src.data_loader import load_data
ModuleNotFoundError: No module named 'src'
[2026-02-04T00:06:30.831+0000] {processor.py:927} WARNING - No viable dags retrieved from /opt/airflow/dags/imdb_pipeline.py
[2026-02-04T00:06:30.840+0000] {processor.py:208} INFO - Processing /opt/airflow/dags/imdb_pipeline.py took 0.787 seconds
[2026-02-04T00:07:01.185+0000] {processor.py:186} INFO - Started process (PID=231) to work on /opt/airflow/dags/imdb_pipeline.py
[2026-02-04T00:07:01.186+0000] {processor.py:914} INFO - Processing file /opt/airflow/dags/imdb_pipeline.py for tasks to queue
[2026-02-04T00:07:01.189+0000] {logging_mixin.py:190} INFO - [2026-02-04T00:07:01.188+0000] {dagbag.py:587} INFO - Filling up the DagBag from /opt/airflow/dags/imdb_pipeline.py
[2026-02-04T00:07:01.911+0000] {logging_mixin.py:190} INFO - [2026-02-04T00:07:01.910+0000] {dagbag.py:386} ERROR - Failed to import: /opt/airflow/dags/imdb_pipeline.py
Traceback (most recent call last):
  File "/home/airflow/.local/lib/python3.11/site-packages/airflow/models/dagbag.py", line 382, in parse
    loader.exec_module(new_module)
  File "<frozen importlib._bootstrap_external>", line 940, in exec_module
  File "<frozen importlib._bootstrap>", line 241, in _call_with_frames_removed
  File "/opt/airflow/dags/imdb_pipeline.py", line 11, in <module>
    from preprocessing import preprocess_data
  File "/opt/airflow/src/preprocessing.py", line 7, in <module>
    from src.data_loader import load_data
ModuleNotFoundError: No module named 'src'
[2026-02-04T00:07:01.911+0000] {processor.py:927} WARNING - No viable dags retrieved from /opt/airflow/dags/imdb_pipeline.py
[2026-02-04T00:07:01.918+0000] {processor.py:208} INFO - Processing /opt/airflow/dags/imdb_pipeline.py took 0.739 seconds
[2026-02-04T00:07:32.275+0000] {processor.py:186} INFO - Started process (PID=251) to work on /opt/airflow/dags/imdb_pipeline.py
[2026-02-04T00:07:32.275+0000] {processor.py:914} INFO - Processing file /opt/airflow/dags/imdb_pipeline.py for tasks to queue
[2026-02-04T00:07:32.277+0000] {logging_mixin.py:190} INFO - [2026-02-04T00:07:32.277+0000] {dagbag.py:587} INFO - Filling up the DagBag from /opt/airflow/dags/imdb_pipeline.py
[2026-02-04T00:07:32.892+0000] {logging_mixin.py:190} INFO - [2026-02-04T00:07:32.891+0000] {dagbag.py:386} ERROR - Failed to import: /opt/airflow/dags/imdb_pipeline.py
Traceback (most recent call last):
  File "/home/airflow/.local/lib/python3.11/site-packages/airflow/models/dagbag.py", line 382, in parse
    loader.exec_module(new_module)
  File "<frozen importlib._bootstrap_external>", line 940, in exec_module
  File "<frozen importlib._bootstrap>", line 241, in _call_with_frames_removed
  File "/opt/airflow/dags/imdb_pipeline.py", line 11, in <module>
    from preprocessing import preprocess_data
  File "/opt/airflow/src/preprocessing.py", line 7, in <module>
    from src.data_loader import load_data
ModuleNotFoundError: No module named 'src'
[2026-02-04T00:07:32.892+0000] {processor.py:927} WARNING - No viable dags retrieved from /opt/airflow/dags/imdb_pipeline.py
[2026-02-04T00:07:32.898+0000] {processor.py:208} INFO - Processing /opt/airflow/dags/imdb_pipeline.py took 0.628 seconds
[2026-02-04T00:08:03.115+0000] {processor.py:186} INFO - Started process (PID=271) to work on /opt/airflow/dags/imdb_pipeline.py
[2026-02-04T00:08:03.116+0000] {processor.py:914} INFO - Processing file /opt/airflow/dags/imdb_pipeline.py for tasks to queue
[2026-02-04T00:08:03.118+0000] {logging_mixin.py:190} INFO - [2026-02-04T00:08:03.118+0000] {dagbag.py:587} INFO - Filling up the DagBag from /opt/airflow/dags/imdb_pipeline.py
[2026-02-04T00:08:03.778+0000] {logging_mixin.py:190} INFO - [2026-02-04T00:08:03.777+0000] {dagbag.py:386} ERROR - Failed to import: /opt/airflow/dags/imdb_pipeline.py
Traceback (most recent call last):
  File "/home/airflow/.local/lib/python3.11/site-packages/airflow/models/dagbag.py", line 382, in parse
    loader.exec_module(new_module)
  File "<frozen importlib._bootstrap_external>", line 940, in exec_module
  File "<frozen importlib._bootstrap>", line 241, in _call_with_frames_removed
  File "/opt/airflow/dags/imdb_pipeline.py", line 11, in <module>
    from preprocessing import preprocess_data
  File "/opt/airflow/src/preprocessing.py", line 7, in <module>
    from src.data_loader import load_data
ModuleNotFoundError: No module named 'src'
[2026-02-04T00:08:03.778+0000] {processor.py:927} WARNING - No viable dags retrieved from /opt/airflow/dags/imdb_pipeline.py
[2026-02-04T00:08:03.785+0000] {processor.py:208} INFO - Processing /opt/airflow/dags/imdb_pipeline.py took 0.675 seconds
